<?xml version="1.0" encoding="UTF-8"?>
<testsuite name="TestSuite" time="386.371" tests="29" errors="0" skipped="0" failures="0">
  <properties>
    <property name="java.runtime.name" value="Java(TM) SE Runtime Environment"/>
    <property name="java.vm.version" value="17.0.7+8-LTS-224"/>
    <property name="sun.boot.library.path" value="C:\Program Files\Java\jdk-17\bin"/>
    <property name="maven.multiModuleProjectDirectory" value="C:\Users\premk\Downloads\Test\Automation\com.starelabs"/>
    <property name="java.vm.vendor" value="Oracle Corporation"/>
    <property name="java.vendor.url" value="https://java.oracle.com/"/>
    <property name="guice.disable.misplaced.annotation.check" value="true"/>
    <property name="path.separator" value=";"/>
    <property name="java.vm.name" value="Java HotSpot(TM) 64-Bit Server VM"/>
    <property name="sun.os.patch.level" value=""/>
    <property name="user.script" value=""/>
    <property name="user.country" value="IN"/>
    <property name="sun.java.launcher" value="SUN_STANDARD"/>
    <property name="java.vm.specification.name" value="Java Virtual Machine Specification"/>
    <property name="user.dir" value="C:\Users\premk\Downloads\Test\Automation\com.starelabs"/>
    <property name="java.vm.compressedOopsMode" value="32-bit"/>
    <property name="java.runtime.version" value="17.0.7+8-LTS-224"/>
    <property name="os.arch" value="amd64"/>
    <property name="java.io.tmpdir" value="C:\Users\premk\AppData\Local\Temp\"/>
    <property name="line.separator" value="&#10;"/>
    <property name="java.vm.specification.vendor" value="Oracle Corporation"/>
    <property name="user.variant" value=""/>
    <property name="os.name" value="Windows 10"/>
    <property name="classworlds.conf" value="C:\Program Files\apache-maven-3.8.6\bin\m2.conf"/>
    <property name="sun.jnu.encoding" value="Cp1252"/>
    <property name="java.library.path" value="C:\Program Files\Java\jdk-17\bin;C:\Windows\Sun\Java\bin;C:\Windows\system32;C:\Windows;C:\Program Files\Common Files\Oracle\Java\javapath;C:\Windows\system32;C:\Windows;C:\Windows\System32\Wbem;C:\Windows\System32\WindowsPowerShell\v1.0\;C:\Windows\System32\OpenSSH\;C:\Users\premk\Downloads\Test\apache-jmeter-5.4.3\apache-jmeter-5.4.3\bin;C:\Program Files\nodejs\;C:\Program Files\Java\jdk-17\bin;C:\Program Files\apache-maven-3.8.6\bin;C:\Users\premk\Downloads\Test\apache-jmeter-5.4.3\apache-jmeter-5.4.3\bin;C:\Program Files\Git\bin;C:\Users\premk\AppData\Local\Microsoft\WindowsApps;C:\Users\premk\AppData\Roaming\npm;."/>
    <property name="maven.conf" value="C:\Program Files\apache-maven-3.8.6/conf"/>
    <property name="jdk.debug" value="release"/>
    <property name="java.class.version" value="61.0"/>
    <property name="java.specification.name" value="Java Platform API Specification"/>
    <property name="sun.management.compiler" value="HotSpot 64-Bit Tiered Compilers"/>
    <property name="os.version" value="10.0"/>
    <property name="library.jansi.path" value="C:\Program Files\apache-maven-3.8.6\lib\jansi-native"/>
    <property name="user.home" value="C:\Users\premk"/>
    <property name="user.timezone" value="Asia/Calcutta"/>
    <property name="file.encoding" value="Cp1252"/>
    <property name="java.specification.version" value="17"/>
    <property name="user.name" value="premk"/>
    <property name="java.class.path" value="C:\Program Files\apache-maven-3.8.6\boot\plexus-classworlds-2.6.0.jar"/>
    <property name="java.vm.specification.version" value="17"/>
    <property name="sun.arch.data.model" value="64"/>
    <property name="sun.java.command" value="org.codehaus.plexus.classworlds.launcher.Launcher clean install"/>
    <property name="java.home" value="C:\Program Files\Java\jdk-17"/>
    <property name="user.language" value="en"/>
    <property name="java.specification.vendor" value="Oracle Corporation"/>
    <property name="java.vm.info" value="mixed mode, sharing"/>
    <property name="java.version" value="17.0.7"/>
    <property name="native.encoding" value="Cp1252"/>
    <property name="java.vendor" value="Oracle Corporation"/>
    <property name="sun.stderr.encoding" value="cp437"/>
    <property name="maven.home" value="C:\Program Files\apache-maven-3.8.6"/>
    <property name="file.separator" value="\"/>
    <property name="java.version.date" value="2023-04-18"/>
    <property name="java.vendor.url.bug" value="https://bugreport.java.com/bugreport/"/>
    <property name="sun.io.unicode.encoding" value="UnicodeLittle"/>
    <property name="sun.cpu.endian" value="little"/>
    <property name="sun.stdout.encoding" value="cp437"/>
    <property name="sun.cpu.isalist" value="amd64"/>
  </properties>
  <testcase name="studentlogin" classname="testcase.Smoketest_Studentapp" time="3.257"/>
  <testcase name="scorecard" classname="testcase.Smoketest_Studentapp" time="17.173"/>
  <testcase name="supportnewticket" classname="testcase.Smoketest_Studentapp" time="13.821"/>
  <testcase name="signoutstarelabs" classname="testcase.Smoketest_Studentapp" time="5.332"/>
  <testcase name="adminlogin" classname="admintestcase.Smoketest_Adminapp" time="6.467"/>
  <testcase name="facultycreate" classname="admintestcase.Smoketest_Adminapp" time="18.135"/>
  <testcase name="studentcreate" classname="admintestcase.Smoketest_Adminapp" time="12.79"/>
  <testcase name="groupcreate" classname="admintestcase.Smoketest_Adminapp" time="12.505"/>
  <testcase name="groupdelete" classname="admintestcase.Smoketest_Adminapp" time="14.463"/>
  <testcase name="gradesettingcreate" classname="admintestcase.Smoketest_Adminapp" time="15.255"/>
  <testcase name="gradesettingdelete" classname="admintestcase.Smoketest_Adminapp" time="14.613"/>
  <testcase name="labenquiry" classname="admintestcase.Smoketest_Adminapp" time="11.76"/>
  <testcase name="curriculumcreate" classname="admintestcase.Smoketest_Adminapp" time="23.413"/>
  <testcase name="curriculumassign" classname="admintestcase.Smoketest_Adminapp" time="14.684"/>
  <testcase name="materialuploadcurriculum" classname="admintestcase.Smoketest_Adminapp" time="16.628"/>
  <testcase name="learningpathcurriculum" classname="admintestcase.Smoketest_Adminapp" time="17.027"/>
  <testcase name="deletecurriculum" classname="admintestcase.Smoketest_Adminapp" time="12.637"/>
  <testcase name="signoutstarelabs" classname="admintestcase.Smoketest_Adminapp" time="5.307"/>
  <testcase name="adminlogin" classname="facultytestcase.Smoketest_Facultyapp" time="6.595"/>
  <testcase name="studentcreate" classname="facultytestcase.Smoketest_Facultyapp" time="13.177"/>
  <testcase name="groupcreate" classname="facultytestcase.Smoketest_Facultyapp" time="12.436"/>
  <testcase name="groupdelete" classname="facultytestcase.Smoketest_Facultyapp" time="14.675"/>
  <testcase name="labenquiry" classname="facultytestcase.Smoketest_Facultyapp" time="15.173"/>
  <testcase name="curriculumcreate" classname="facultytestcase.Smoketest_Facultyapp" time="23.02"/>
  <testcase name="curriculumassign" classname="facultytestcase.Smoketest_Facultyapp" time="14.669"/>
  <testcase name="materialuploadcurriculum" classname="facultytestcase.Smoketest_Facultyapp" time="16.541"/>
  <testcase name="learningpathcurriculum" classname="facultytestcase.Smoketest_Facultyapp" time="16.84"/>
  <testcase name="deletecurriculum" classname="facultytestcase.Smoketest_Facultyapp" time="12.692"/>
  <testcase name="signoutstarelabs" classname="facultytestcase.Smoketest_Facultyapp" time="5.286"/>
</testsuite>