<?xml version="1.0" encoding="UTF-8"?>
<!-- Generated by org.testng.reporters.JUnitReportReporter -->
<testsuite hostname="LAPTOP-NFKIMDFC" failures="0" tests="8" name="testcase.Smoketest_Adminapp" time="94.630" errors="0" timestamp="2023-05-16T18:57:17 IST" skipped="0">
  <testcase classname="testcase.Smoketest_Adminapp" name="adminlogin" time="6.402"/>
  <system-out/>
  <testcase classname="testcase.Smoketest_Adminapp" name="facultycreate" time="18.229"/>
  <system-out/>
  <testcase classname="testcase.Smoketest_Adminapp" name="studentcreate" time="12.792"/>
  <system-out/>
  <testcase classname="testcase.Smoketest_Adminapp" name="groupcreate" time="12.422"/>
  <system-out/>
  <testcase classname="testcase.Smoketest_Adminapp" name="groupdelete" time="14.460"/>
  <system-out/>
  <testcase classname="testcase.Smoketest_Adminapp" name="gradesettingcreate" time="14.693"/>
  <system-out/>
  <testcase classname="testcase.Smoketest_Adminapp" name="gradesettingdelete" time="10.375"/>
  <system-out/>
  <testcase classname="testcase.Smoketest_Adminapp" name="signoutstarelabs" time="5.257"/>
  <system-out/>
</testsuite> <!-- testcase.Smoketest_Adminapp -->
