<?xml version="1.0" encoding="UTF-8"?>
<!-- Generated by org.testng.reporters.JUnitReportReporter -->
<testsuite hostname="LAPTOP-NFKIMDFC" failures="0" tests="4" name="facultytestcase.Smoketest_Facultyapp" time="41.831" errors="0" timestamp="2023-06-26T13:33:07 IST" skipped="0">
  <testcase classname="facultytestcase.Smoketest_Facultyapp" name="Facultylogin" time="7.122"/>
  <testcase classname="facultytestcase.Smoketest_Facultyapp" name="studentcreate" time="13.025"/>
  <testcase classname="facultytestcase.Smoketest_Facultyapp" name="studentdelete" time="16.421"/>
  <testcase classname="facultytestcase.Smoketest_Facultyapp" name="signoutstarelabs" time="5.263"/>
</testsuite> <!-- facultytestcase.Smoketest_Facultyapp -->
