<?xml version="1.0" encoding="UTF-8"?>
<!-- Generated by org.testng.reporters.JUnitReportReporter -->
<testsuite hostname="LAPTOP-NFKIMDFC" failures="0" tests="14" name="admintestcase.Smoketest_Adminapp" time="166.185" errors="0" timestamp="2023-05-30T19:15:24 IST" skipped="0">
  <testcase classname="admintestcase.Smoketest_Adminapp" name="adminlogin" time="6.392"/>
  <system-out/>
  <testcase classname="admintestcase.Smoketest_Adminapp" name="facultycreate" time="18.149"/>
  <system-out/>
  <testcase classname="admintestcase.Smoketest_Adminapp" name="studentcreate" time="12.847"/>
  <system-out/>
  <testcase classname="admintestcase.Smoketest_Adminapp" name="groupcreate" time="12.438"/>
  <system-out/>
  <testcase classname="admintestcase.Smoketest_Adminapp" name="groupdelete" time="14.537"/>
  <system-out/>
  <testcase classname="admintestcase.Smoketest_Adminapp" name="gradesettingcreate" time="14.585"/>
  <system-out/>
  <testcase classname="admintestcase.Smoketest_Adminapp" name="gradesettingdelete" time="10.362"/>
  <system-out/>
  <testcase classname="admintestcase.Smoketest_Adminapp" name="labenquiry" time="7.528"/>
  <system-out/>
  <testcase classname="admintestcase.Smoketest_Adminapp" name="curriculumcreate" time="20.758"/>
  <system-out/>
  <testcase classname="admintestcase.Smoketest_Adminapp" name="curriculumassign" time="10.033"/>
  <system-out/>
  <testcase classname="admintestcase.Smoketest_Adminapp" name="materialuploadcurriculum" time="12.066"/>
  <system-out/>
  <testcase classname="admintestcase.Smoketest_Adminapp" name="learningpathcurriculum" time="12.416"/>
  <system-out/>
  <testcase classname="admintestcase.Smoketest_Adminapp" name="deletecurriculum" time="8.820"/>
  <system-out/>
  <testcase classname="admintestcase.Smoketest_Adminapp" name="signoutstarelabs" time="5.254"/>
  <system-out/>
</testsuite> <!-- admintestcase.Smoketest_Adminapp -->
