<?xml version="1.0" encoding="UTF-8"?>
<!-- Generated by org.testng.reporters.JUnitReportReporter -->
<testsuite hostname="LAPTOP-NFKIMDFC" failures="0" tests="4" name="admintestcase.Smoketest_Adminapp" time="39.354" errors="0" timestamp="2023-06-15T12:09:36 IST" skipped="0">
  <testcase classname="admintestcase.Smoketest_Adminapp" name="adminlogin" time="6.534"/>
  <testcase classname="admintestcase.Smoketest_Adminapp" name="groupcreate" time="12.735"/>
  <testcase classname="admintestcase.Smoketest_Adminapp" name="groupdelete" time="14.769"/>
  <testcase classname="admintestcase.Smoketest_Adminapp" name="signoutstarelabs" time="5.316"/>
</testsuite> <!-- admintestcase.Smoketest_Adminapp -->
