<?xml version="1.0" encoding="UTF-8"?>
<!-- Generated by org.testng.reporters.JUnitReportReporter -->
<testsuite hostname="LAPTOP-NFKIMDFC" failures="0" tests="10" name="facultytestcase.Smoketest_Facultyapp" time="137.872" errors="0" timestamp="2023-06-12T12:02:59 IST" skipped="0">
  <testcase classname="facultytestcase.Smoketest_Facultyapp" name="Facultylogin" time="6.526"/>
  <testcase classname="facultytestcase.Smoketest_Facultyapp" name="studentcreate" time="13.741"/>
  <testcase classname="facultytestcase.Smoketest_Facultyapp" name="groupcreate" time="12.650"/>
  <testcase classname="facultytestcase.Smoketest_Facultyapp" name="groupdelete" time="14.757"/>
  <testcase classname="facultytestcase.Smoketest_Facultyapp" name="curriculumcreate" time="23.083"/>
  <testcase classname="facultytestcase.Smoketest_Facultyapp" name="curriculumassign" time="14.715"/>
  <testcase classname="facultytestcase.Smoketest_Facultyapp" name="materialuploadcurriculum" time="16.754"/>
  <testcase classname="facultytestcase.Smoketest_Facultyapp" name="learningpathcurriculum" time="17.590"/>
  <testcase classname="facultytestcase.Smoketest_Facultyapp" name="deletecurriculum" time="12.689"/>
  <testcase classname="facultytestcase.Smoketest_Facultyapp" name="signoutstarelabs" time="5.367"/>
</testsuite> <!-- facultytestcase.Smoketest_Facultyapp -->
