<?xml version="1.0" encoding="UTF-8"?>
<!-- Generated by org.testng.reporters.JUnitReportReporter -->
<testsuite hostname="LAPTOP-NFKIMDFC" failures="0" tests="8" name="testcase.Smoketest_Adminapp" time="95.581" errors="0" timestamp="2023-05-22T16:32:28 IST" skipped="0">
  <testcase classname="testcase.Smoketest_Adminapp" name="adminlogin" time="7.193"/>
  <system-out/>
  <testcase classname="testcase.Smoketest_Adminapp" name="facultycreate" time="18.204"/>
  <system-out/>
  <testcase classname="testcase.Smoketest_Adminapp" name="studentcreate" time="12.896"/>
  <system-out/>
  <testcase classname="testcase.Smoketest_Adminapp" name="groupcreate" time="12.464"/>
  <system-out/>
  <testcase classname="testcase.Smoketest_Adminapp" name="groupdelete" time="14.548"/>
  <system-out/>
  <testcase classname="testcase.Smoketest_Adminapp" name="gradesettingcreate" time="14.604"/>
  <system-out/>
  <testcase classname="testcase.Smoketest_Adminapp" name="gradesettingdelete" time="10.367"/>
  <system-out/>
  <testcase classname="testcase.Smoketest_Adminapp" name="signoutstarelabs" time="5.305"/>
  <system-out/>
</testsuite> <!-- testcase.Smoketest_Adminapp -->
