<?xml version="1.0" encoding="UTF-8"?>
<!-- Generated by org.testng.reporters.JUnitReportReporter -->
<testsuite hostname="LAPTOP-NFKIMDFC" failures="0" tests="14" name="admintestcase.Smoketest_Adminapp" time="167.922" errors="0" timestamp="2023-06-01T13:16:34 IST" skipped="0">
  <testcase classname="admintestcase.Smoketest_Adminapp" name="adminlogin" time="6.495"/>
  <system-out/>
  <testcase classname="admintestcase.Smoketest_Adminapp" name="facultycreate" time="18.218"/>
  <system-out/>
  <testcase classname="admintestcase.Smoketest_Adminapp" name="studentcreate" time="12.890"/>
  <system-out/>
  <testcase classname="admintestcase.Smoketest_Adminapp" name="groupcreate" time="12.444"/>
  <system-out/>
  <testcase classname="admintestcase.Smoketest_Adminapp" name="groupdelete" time="14.573"/>
  <system-out/>
  <testcase classname="admintestcase.Smoketest_Adminapp" name="gradesettingcreate" time="14.620"/>
  <system-out/>
  <testcase classname="admintestcase.Smoketest_Adminapp" name="gradesettingdelete" time="10.336"/>
  <system-out/>
  <testcase classname="admintestcase.Smoketest_Adminapp" name="labenquiry" time="7.529"/>
  <system-out/>
  <testcase classname="admintestcase.Smoketest_Adminapp" name="curriculumcreate" time="20.703"/>
  <system-out/>
  <testcase classname="admintestcase.Smoketest_Adminapp" name="curriculumassign" time="11.256"/>
  <system-out/>
  <testcase classname="admintestcase.Smoketest_Adminapp" name="materialuploadcurriculum" time="12.160"/>
  <system-out/>
  <testcase classname="admintestcase.Smoketest_Adminapp" name="learningpathcurriculum" time="12.502"/>
  <system-out/>
  <testcase classname="admintestcase.Smoketest_Adminapp" name="deletecurriculum" time="8.917"/>
  <system-out/>
  <testcase classname="admintestcase.Smoketest_Adminapp" name="signoutstarelabs" time="5.279"/>
  <system-out/>
</testsuite> <!-- admintestcase.Smoketest_Adminapp -->
