<?xml version="1.0" encoding="UTF-8"?>
<!-- Generated by org.testng.reporters.JUnitReportReporter -->
<testsuite hostname="LAPTOP-NFKIMDFC" failures="0" tests="7" name="facultytestcase.Smoketest_Facultyapp" time="93.586" errors="0" timestamp="2023-06-16T12:03:19 IST" skipped="0">
  <testcase classname="facultytestcase.Smoketest_Facultyapp" name="Facultylogin" time="6.494"/>
  <testcase classname="facultytestcase.Smoketest_Facultyapp" name="curriculumcreate" time="22.356"/>
  <testcase classname="facultytestcase.Smoketest_Facultyapp" name="curriculumassign" time="14.255"/>
  <testcase classname="facultytestcase.Smoketest_Facultyapp" name="materialuploadcurriculum" time="16.152"/>
  <testcase classname="facultytestcase.Smoketest_Facultyapp" name="learningpathcurriculum" time="16.508"/>
  <testcase classname="facultytestcase.Smoketest_Facultyapp" name="deletecurriculum" time="12.477"/>
  <testcase classname="facultytestcase.Smoketest_Facultyapp" name="signoutstarelabs" time="5.344"/>
</testsuite> <!-- facultytestcase.Smoketest_Facultyapp -->
