<?xml version="1.0" encoding="UTF-8"?>
<!-- Generated by org.testng.reporters.JUnitReportReporter -->
<testsuite hostname="LAPTOP-NFKIMDFC" failures="0" tests="13" name="admintestcase.Smoketest_Adminapp" time="187.175" errors="0" timestamp="2023-06-12T11:59:51 IST" skipped="0">
  <testcase classname="admintestcase.Smoketest_Adminapp" name="adminlogin" time="6.492"/>
  <testcase classname="admintestcase.Smoketest_Adminapp" name="facultycreate" time="19.317"/>
  <testcase classname="admintestcase.Smoketest_Adminapp" name="studentcreate" time="13.435"/>
  <testcase classname="admintestcase.Smoketest_Adminapp" name="groupcreate" time="12.666"/>
  <testcase classname="admintestcase.Smoketest_Adminapp" name="groupdelete" time="14.705"/>
  <testcase classname="admintestcase.Smoketest_Adminapp" name="gradesettingcreate" time="15.111"/>
  <testcase classname="admintestcase.Smoketest_Adminapp" name="gradesettingdelete" time="14.545"/>
  <testcase classname="admintestcase.Smoketest_Adminapp" name="curriculumcreate" time="23.475"/>
  <testcase classname="admintestcase.Smoketest_Adminapp" name="curriculumassign" time="14.849"/>
  <testcase classname="admintestcase.Smoketest_Adminapp" name="materialuploadcurriculum" time="16.773"/>
  <testcase classname="admintestcase.Smoketest_Adminapp" name="learningpathcurriculum" time="17.918"/>
  <testcase classname="admintestcase.Smoketest_Adminapp" name="deletecurriculum" time="12.544"/>
  <testcase classname="admintestcase.Smoketest_Adminapp" name="signoutstarelabs" time="5.345"/>
</testsuite> <!-- admintestcase.Smoketest_Adminapp -->
