<?xml version="1.0" encoding="UTF-8"?>
<!-- Generated by org.testng.reporters.JUnitReportReporter -->
<testsuite hostname="LAPTOP-NFKIMDFC" failures="0" tests="1" name="testcase.Smoke" time="9.328" errors="0" timestamp="2023-04-10T16:23:22 IST" skipped="0">
  <testcase classname="testcase.Smoke" name="Login" time="9.328"/>
  <system-out/>
</testsuite> <!-- testcase.Smoke -->
