<?xml version="1.0" encoding="UTF-8"?>
<!-- Generated by org.testng.reporters.JUnitReportReporter -->
<testsuite hostname="LAPTOP-NFKIMDFC" failures="0" tests="13" name="admintestcase.Smoketest_Adminapp" time="181.458" errors="0" timestamp="2023-06-19T18:04:52 IST" skipped="0">
  <testcase classname="admintestcase.Smoketest_Adminapp" name="adminlogin" time="6.477"/>
  <testcase classname="admintestcase.Smoketest_Adminapp" name="facultycreate" time="18.227"/>
  <testcase classname="admintestcase.Smoketest_Adminapp" name="studentcreate" time="12.793"/>
  <testcase classname="admintestcase.Smoketest_Adminapp" name="groupcreate" time="12.396"/>
  <testcase classname="admintestcase.Smoketest_Adminapp" name="groupdelete" time="14.512"/>
  <testcase classname="admintestcase.Smoketest_Adminapp" name="gradesettingcreate" time="14.661"/>
  <testcase classname="admintestcase.Smoketest_Adminapp" name="gradesettingdelete" time="14.383"/>
  <testcase classname="admintestcase.Smoketest_Adminapp" name="curriculumcreate" time="22.377"/>
  <testcase classname="admintestcase.Smoketest_Adminapp" name="curriculumassign" time="14.903"/>
  <testcase classname="admintestcase.Smoketest_Adminapp" name="materialuploadcurriculum" time="16.306"/>
  <testcase classname="admintestcase.Smoketest_Adminapp" name="learningpathcurriculum" time="16.752"/>
  <testcase classname="admintestcase.Smoketest_Adminapp" name="deletecurriculum" time="12.427"/>
  <testcase classname="admintestcase.Smoketest_Adminapp" name="signoutstarelabs" time="5.244"/>
</testsuite> <!-- admintestcase.Smoketest_Adminapp -->
