<?xml version="1.0" encoding="UTF-8"?>
<!-- Generated by org.testng.reporters.JUnitReportReporter -->
<testsuite hostname="LAPTOP-NFKIMDFC" failures="0" tests="4" name="admintestcase.Smoketest_Adminapp" time="41.097" errors="0" timestamp="2023-06-26T13:23:54 IST" skipped="0">
  <testcase classname="admintestcase.Smoketest_Adminapp" name="adminlogin" time="6.495"/>
  <testcase classname="admintestcase.Smoketest_Adminapp" name="studentcreate" time="12.902"/>
  <testcase classname="admintestcase.Smoketest_Adminapp" name="studentdelete" time="16.439"/>
  <testcase classname="admintestcase.Smoketest_Adminapp" name="signoutstarelabs" time="5.261"/>
</testsuite> <!-- admintestcase.Smoketest_Adminapp -->
