<?xml version="1.0" encoding="UTF-8"?>
<!-- Generated by org.testng.reporters.JUnitReportReporter -->
<testsuite hostname="LAPTOP-NFKIMDFC" failures="0" tests="4" name="testcase.Smoketest_Studentapp" time="39.411" errors="0" timestamp="2023-06-06T18:48:41 IST" skipped="0">
  <testcase classname="testcase.Smoketest_Studentapp" name="studentlogin" time="2.532"/>
  <testcase classname="testcase.Smoketest_Studentapp" name="scorecard" time="17.211"/>
  <testcase classname="testcase.Smoketest_Studentapp" name="supportnewticket" time="14.374"/>
  <testcase classname="testcase.Smoketest_Studentapp" name="signoutstarelabs" time="5.294"/>
</testsuite> <!-- testcase.Smoketest_Studentapp -->
