<?xml version="1.0" encoding="UTF-8"?>
<!-- Generated by org.testng.reporters.JUnitReportReporter -->
<testsuite hostname="LAPTOP-NFKIMDFC" failures="0" tests="7" name="admintestcase.Smoketest_Adminapp" time="93.803" errors="0" timestamp="2023-06-16T12:00:42 IST" skipped="0">
  <testcase classname="admintestcase.Smoketest_Adminapp" name="adminlogin" time="6.512"/>
  <testcase classname="admintestcase.Smoketest_Adminapp" name="curriculumcreate" time="22.491"/>
  <testcase classname="admintestcase.Smoketest_Adminapp" name="curriculumassign" time="14.269"/>
  <testcase classname="admintestcase.Smoketest_Adminapp" name="materialuploadcurriculum" time="16.210"/>
  <testcase classname="admintestcase.Smoketest_Adminapp" name="learningpathcurriculum" time="16.585"/>
  <testcase classname="admintestcase.Smoketest_Adminapp" name="deletecurriculum" time="12.423"/>
  <testcase classname="admintestcase.Smoketest_Adminapp" name="signoutstarelabs" time="5.313"/>
</testsuite> <!-- admintestcase.Smoketest_Adminapp -->
