<?xml version="1.0" encoding="UTF-8"?>
<!-- Generated by org.testng.reporters.JUnitReportReporter -->
<testsuite hostname="LAPTOP-NFKIMDFC" failures="0" tests="8" name="testcase.Smoketest_Adminapp" time="94.641" errors="0" timestamp="2023-05-18T12:21:09 IST" skipped="0">
  <testcase classname="testcase.Smoketest_Adminapp" name="adminlogin" time="6.411"/>
  <system-out/>
  <testcase classname="testcase.Smoketest_Adminapp" name="facultycreate" time="18.193"/>
  <system-out/>
  <testcase classname="testcase.Smoketest_Adminapp" name="studentcreate" time="12.825"/>
  <system-out/>
  <testcase classname="testcase.Smoketest_Adminapp" name="groupcreate" time="12.405"/>
  <system-out/>
  <testcase classname="testcase.Smoketest_Adminapp" name="groupdelete" time="14.532"/>
  <system-out/>
  <testcase classname="testcase.Smoketest_Adminapp" name="gradesettingcreate" time="14.637"/>
  <system-out/>
  <testcase classname="testcase.Smoketest_Adminapp" name="gradesettingdelete" time="10.344"/>
  <system-out/>
  <testcase classname="testcase.Smoketest_Adminapp" name="signoutstarelabs" time="5.294"/>
  <system-out/>
</testsuite> <!-- testcase.Smoketest_Adminapp -->
