<?xml version="1.0" encoding="UTF-8"?>
<!-- Generated by org.testng.reporters.JUnitReportReporter -->
<testsuite hostname="LAPTOP-NFKIMDFC" failures="0" tests="10" name="facultytestcase.Smoketest_Facultyapp" time="133.404" errors="0" timestamp="2023-06-19T18:07:19 IST" skipped="0">
  <testcase classname="facultytestcase.Smoketest_Facultyapp" name="Facultylogin" time="6.413"/>
  <testcase classname="facultytestcase.Smoketest_Facultyapp" name="studentcreate" time="12.849"/>
  <testcase classname="facultytestcase.Smoketest_Facultyapp" name="groupcreate" time="12.392"/>
  <testcase classname="facultytestcase.Smoketest_Facultyapp" name="groupdelete" time="14.504"/>
  <testcase classname="facultytestcase.Smoketest_Facultyapp" name="curriculumcreate" time="22.213"/>
  <testcase classname="facultytestcase.Smoketest_Facultyapp" name="curriculumassign" time="14.452"/>
  <testcase classname="facultytestcase.Smoketest_Facultyapp" name="materialuploadcurriculum" time="16.185"/>
  <testcase classname="facultytestcase.Smoketest_Facultyapp" name="learningpathcurriculum" time="16.709"/>
  <testcase classname="facultytestcase.Smoketest_Facultyapp" name="deletecurriculum" time="12.436"/>
  <testcase classname="facultytestcase.Smoketest_Facultyapp" name="signoutstarelabs" time="5.251"/>
</testsuite> <!-- facultytestcase.Smoketest_Facultyapp -->
