<?xml version="1.0" encoding="UTF-8"?>
<!-- Generated by org.testng.reporters.JUnitReportReporter -->
<testsuite hostname="LAPTOP-NFKIMDFC" failures="0" tests="4" name="admintestcase.Smoketest_Adminapp" time="39.321" errors="0" timestamp="2023-06-06T18:55:16 IST" skipped="0">
  <testcase classname="admintestcase.Smoketest_Adminapp" name="adminlogin" time="6.570"/>
  <testcase classname="admintestcase.Smoketest_Adminapp" name="groupcreate" time="12.770"/>
  <testcase classname="admintestcase.Smoketest_Adminapp" name="groupdelete" time="14.664"/>
  <testcase classname="admintestcase.Smoketest_Adminapp" name="signoutstarelabs" time="5.317"/>
</testsuite> <!-- admintestcase.Smoketest_Adminapp -->
