<?xml version="1.0" encoding="UTF-8"?>
<!-- Generated by org.testng.reporters.JUnitReportReporter -->
<testsuite hostname="LAPTOP-NFKIMDFC" failures="0" tests="4" name="admintestcase.Smoketest_Adminapp" time="39.679" errors="0" timestamp="2023-06-26T19:23:03 IST" skipped="0">
  <testcase classname="admintestcase.Smoketest_Adminapp" name="adminlogin" time="7.155"/>
  <testcase classname="admintestcase.Smoketest_Adminapp" name="groupcreate" time="12.538"/>
  <testcase classname="admintestcase.Smoketest_Adminapp" name="groupdelete" time="14.730"/>
  <testcase classname="admintestcase.Smoketest_Adminapp" name="signoutstarelabs" time="5.256"/>
</testsuite> <!-- admintestcase.Smoketest_Adminapp -->
