<?xml version="1.0" encoding="UTF-8"?>
<!-- Generated by org.testng.reporters.JUnitReportReporter -->
<testsuite hostname="LAPTOP-NFKIMDFC" failures="0" tests="8" name="testcase.Smoketest_Adminapp" time="94.860" errors="0" timestamp="2023-05-22T16:02:58 IST" skipped="0">
  <testcase classname="testcase.Smoketest_Adminapp" name="adminlogin" time="6.460"/>
  <system-out/>
  <testcase classname="testcase.Smoketest_Adminapp" name="facultycreate" time="18.175"/>
  <system-out/>
  <testcase classname="testcase.Smoketest_Adminapp" name="studentcreate" time="12.847"/>
  <system-out/>
  <testcase classname="testcase.Smoketest_Adminapp" name="groupcreate" time="12.416"/>
  <system-out/>
  <testcase classname="testcase.Smoketest_Adminapp" name="groupdelete" time="14.547"/>
  <system-out/>
  <testcase classname="testcase.Smoketest_Adminapp" name="gradesettingcreate" time="14.658"/>
  <system-out/>
  <testcase classname="testcase.Smoketest_Adminapp" name="gradesettingdelete" time="10.386"/>
  <system-out/>
  <testcase classname="testcase.Smoketest_Adminapp" name="signoutstarelabs" time="5.371"/>
  <system-out/>
</testsuite> <!-- testcase.Smoketest_Adminapp -->
