<?xml version="1.0" encoding="UTF-8"?>
<!-- Generated by org.testng.reporters.JUnitReportReporter -->
<testsuite hostname="LAPTOP-NFKIMDFC" failures="0" tests="8" name="testcase.Smoketest_Adminapp" time="95.765" errors="0" timestamp="2023-05-17T18:00:14 IST" skipped="0">
  <testcase classname="testcase.Smoketest_Adminapp" name="adminlogin" time="6.455"/>
  <system-out/>
  <testcase classname="testcase.Smoketest_Adminapp" name="facultycreate" time="18.172"/>
  <system-out/>
  <testcase classname="testcase.Smoketest_Adminapp" name="studentcreate" time="12.732"/>
  <system-out/>
  <testcase classname="testcase.Smoketest_Adminapp" name="groupcreate" time="12.421"/>
  <system-out/>
  <testcase classname="testcase.Smoketest_Adminapp" name="groupdelete" time="14.980"/>
  <system-out/>
  <testcase classname="testcase.Smoketest_Adminapp" name="gradesettingcreate" time="15.088"/>
  <system-out/>
  <testcase classname="testcase.Smoketest_Adminapp" name="gradesettingdelete" time="10.532"/>
  <system-out/>
  <testcase classname="testcase.Smoketest_Adminapp" name="signoutstarelabs" time="5.385"/>
  <system-out/>
</testsuite> <!-- testcase.Smoketest_Adminapp -->
