<?xml version="1.0" encoding="UTF-8"?>
<!-- Generated by org.testng.reporters.JUnitReportReporter -->
<testsuite hostname="LAPTOP-NFKIMDFC" failures="0" tests="8" name="admintestcase.Smoketest_Adminapp" time="104.980" errors="0" timestamp="2023-05-18T15:32:57 IST" skipped="0">
  <testcase classname="admintestcase.Smoketest_Adminapp" name="adminlogin" time="6.481"/>
  <system-out/>
  <testcase classname="admintestcase.Smoketest_Adminapp" name="facultycreate" time="18.608"/>
  <system-out/>
  <testcase classname="admintestcase.Smoketest_Adminapp" name="studentcreate" time="12.800"/>
  <system-out/>
  <testcase classname="admintestcase.Smoketest_Adminapp" name="groupcreate" time="12.480"/>
  <system-out/>
  <testcase classname="admintestcase.Smoketest_Adminapp" name="groupdelete" time="14.508"/>
  <system-out/>
  <testcase classname="admintestcase.Smoketest_Adminapp" name="gradesettingcreate" time="23.318"/>
  <system-out/>
  <testcase classname="admintestcase.Smoketest_Adminapp" name="gradesettingdelete" time="11.361"/>
  <system-out/>
  <testcase classname="admintestcase.Smoketest_Adminapp" name="signoutstarelabs" time="5.424"/>
  <system-out/>
</testsuite> <!-- admintestcase.Smoketest_Adminapp -->
