<?xml version="1.0" encoding="UTF-8"?>
<!-- Generated by org.testng.reporters.JUnitReportReporter -->
<testsuite hostname="LAPTOP-NFKIMDFC" failures="0" tests="4" name="testcase.Smoketest_Studentapp" time="38.421" errors="0" timestamp="2023-05-22T16:42:44 IST" skipped="0">
  <testcase classname="testcase.Smoketest_Studentapp" name="studentlogin" time="2.444"/>
  <system-out/>
  <testcase classname="testcase.Smoketest_Studentapp" name="scorecard" time="17.008"/>
  <system-out/>
  <testcase classname="testcase.Smoketest_Studentapp" name="supportnewticket" time="13.791"/>
  <system-out/>
  <testcase classname="testcase.Smoketest_Studentapp" name="signoutstarelabs" time="5.178"/>
  <system-out/>
</testsuite> <!-- testcase.Smoketest_Studentapp -->
