<?xml version="1.0" encoding="UTF-8"?>
<!-- Generated by org.testng.reporters.JUnitReportReporter -->
<testsuite hostname="LAPTOP-NFKIMDFC" failures="0" tests="4" name="testcase.Smoketest_Studentapp" time="37.860" errors="0" timestamp="2023-05-22T16:08:09 IST" skipped="0">
  <testcase classname="testcase.Smoketest_Studentapp" name="studentlogin" time="2.299"/>
  <system-out/>
  <testcase classname="testcase.Smoketest_Studentapp" name="scorecard" time="16.642"/>
  <system-out/>
  <testcase classname="testcase.Smoketest_Studentapp" name="supportnewticket" time="13.666"/>
  <system-out/>
  <testcase classname="testcase.Smoketest_Studentapp" name="signoutstarelabs" time="5.253"/>
  <system-out/>
</testsuite> <!-- testcase.Smoketest_Studentapp -->
