<?xml version="1.0" encoding="UTF-8"?>
<!-- Generated by org.testng.reporters.JUnitReportReporter -->
<testsuite hostname="LAPTOP-NFKIMDFC" failures="0" tests="4" name="testcase.Smoketest_Studentapp" time="39.593" errors="0" timestamp="2023-06-07T17:07:45 IST" skipped="0">
  <testcase classname="testcase.Smoketest_Studentapp" name="studentlogin" time="3.241"/>
  <testcase classname="testcase.Smoketest_Studentapp" name="scorecard" time="17.172"/>
  <testcase classname="testcase.Smoketest_Studentapp" name="supportnewticket" time="13.835"/>
  <testcase classname="testcase.Smoketest_Studentapp" name="signoutstarelabs" time="5.345"/>
</testsuite> <!-- testcase.Smoketest_Studentapp -->
