<?xml version="1.0" encoding="UTF-8"?>
<!-- Generated by org.testng.reporters.JUnitReportReporter -->
<testsuite hostname="LAPTOP-NFKIMDFC" failures="0" tests="4" name="testcase.Smoketest_Studentapp" time="38.176" errors="0" timestamp="2023-05-30T12:49:44 IST" skipped="0">
  <testcase classname="testcase.Smoketest_Studentapp" name="studentlogin" time="2.315"/>
  <system-out/>
  <testcase classname="testcase.Smoketest_Studentapp" name="scorecard" time="16.649"/>
  <system-out/>
  <testcase classname="testcase.Smoketest_Studentapp" name="supportnewticket" time="13.958"/>
  <system-out/>
  <testcase classname="testcase.Smoketest_Studentapp" name="signoutstarelabs" time="5.254"/>
  <system-out/>
</testsuite> <!-- testcase.Smoketest_Studentapp -->
