<?xml version="1.0" encoding="UTF-8"?>
<!-- Generated by org.testng.reporters.JUnitReportReporter -->
<testsuite hostname="LAPTOP-NFKIMDFC" failures="0" tests="4" name="testcase.Smoketest_Studentapp" time="38.104" errors="0" timestamp="2023-05-22T18:26:09 IST" skipped="0">
  <testcase classname="testcase.Smoketest_Studentapp" name="studentlogin" time="2.318"/>
  <system-out/>
  <testcase classname="testcase.Smoketest_Studentapp" name="scorecard" time="16.663"/>
  <system-out/>
  <testcase classname="testcase.Smoketest_Studentapp" name="supportnewticket" time="13.840"/>
  <system-out/>
  <testcase classname="testcase.Smoketest_Studentapp" name="signoutstarelabs" time="5.283"/>
  <system-out/>
</testsuite> <!-- testcase.Smoketest_Studentapp -->
