<?xml version="1.0" encoding="UTF-8"?>
<!-- Generated by org.testng.reporters.JUnitReportReporter -->
<testsuite hostname="LAPTOP-NFKIMDFC" failures="0" tests="4" name="testcase.Smoketest_Studentapp" time="38.218" errors="0" timestamp="2023-05-16T18:16:57 IST" skipped="0">
  <testcase classname="testcase.Smoketest_Studentapp" name="studentlogin" time="2.474"/>
  <system-out/>
  <testcase classname="testcase.Smoketest_Studentapp" name="scorecard" time="16.715"/>
  <system-out/>
  <testcase classname="testcase.Smoketest_Studentapp" name="supportnewticket" time="13.815"/>
  <system-out/>
  <testcase classname="testcase.Smoketest_Studentapp" name="signoutstarelabs" time="5.214"/>
  <system-out/>
</testsuite> <!-- testcase.Smoketest_Studentapp -->
